============================= test session starts =============================
platform darwin -- Python 3.11.7, pytest-8.3.3
rootdir: /tmp/python_fixture
collected 7 items

tests/test_calculator.py ..F..F.                                          [100%]

================================== FAILURES ===================================
_______________________ test_divide_handles_zero_divisor _______________________

    def test_divide_handles_zero_divisor():
        with pytest.raises(ValueError):
>           divide(10, 0)
E           ZeroDivisionError: division by zero

tests/test_calculator.py:18: ZeroDivisionError

_________________________ test_multiply_negative_args __________________________

    def test_multiply_negative_args():
>       assert multiply(-2, 3) == -6
E       assert 6 == -6
E        +  where 6 = multiply(-2, 3)

tests/test_calculator.py:27: AssertionError
=========================== short test summary info ============================
FAILED tests/test_calculator.py::test_divide_handles_zero_divisor - ZeroDivisionError: division by zero
FAILED tests/test_calculator.py::test_multiply_negative_args - assert 6 == -6
========================= 2 failed, 5 passed in 0.42s ==========================
